<?xml version="1.0" encoding="UTF-8"?>
<testsuite xmlns:xsi="http://www.w3.org/2001/XMLSchema-instance" xsi:noNamespaceSchemaLocation="https://maven.apache.org/surefire/maven-surefire-plugin/xsd/surefire-test-report-3.0.xsd" version="3.0" name="com.payment.orchestration.integration.PaymentIntegrationTest$NegativeTests" time="0.375" tests="7" errors="0" skipped="0" failures="0">
  <properties>
[...]
</properties>
  <testcase name="missingAmountShouldReturn400" classname="com.payment.orchestration.integration.PaymentIntegrationTest$NegativeTests" time="0.144">
    <system-out><![CDATA[2026-04-10 15:22:05 [main] DEBUG org.hibernate.SQL - select p1_0.id,p1_0.amount,p1_0.completed_at,p1_0.created_at,p1_0.currency,p1_0.customer_email,p1_0.customer_phone,p1_0.description,p1_0.error_code,p1_0.error_message,p1_0.idempotency_key,p1_0.masked_card_number,p1_0.max_retries,p1_0.metadata,p1_0.payment_id,p1_0.payment_method,p1_0.provider,p1_0.provider_reference,p1_0.provider_response_code,p1_0.provider_response_message,p1_0.retry_count,p1_0.status,p1_0.updated_at,p1_0.upi_id from payments p1_0
2026-04-10 15:22:05 [main] DEBUG org.hibernate.SQL - select sh1_0.payment_id,sh1_0.id,sh1_0.message,sh1_0.provider,sh1_0.response_code,sh1_0.retry_attempt,sh1_0.status,sh1_0.timestamp from payment_status_history sh1_0 where sh1_0.payment_id=?
2026-04-10 15:22:05 [main] DEBUG org.hibernate.SQL - delete from payment_status_history where id=?
2026-04-10 15:22:05 [main] DEBUG org.hibernate.SQL - delete from payment_status_history where id=?
2026-04-10 15:22:05 [main] DEBUG org.hibernate.SQL - delete from payments where id=?
2026-04-10 15:22:05 [main] WARN  c.p.o.e.GlobalExceptionHandler - Validation exception: Validation failed for argument [1] in public org.springframework.http.ResponseEntity<com.payment.orchestration.dto.PaymentResponse> com.payment.orchestration.controller.PaymentController.createPayment(java.lang.String,com.payment.orchestration.dto.PaymentRequest): [Field error in object 'paymentRequest' on field 'amount': rejected value [null]; codes [NotNull.paymentRequest.amount,NotNull.amount,NotNull.java.math.BigDecimal,NotNull]; arguments [org.springframework.context.support.DefaultMessageSourceResolvable: codes [paymentRequest.amount,amount]; arguments []; default message [amount]]; default message [Amount is required]] 
]]></system-out>
  </testcase>
  <testcase name="invalidPaymentIdShouldReturn404" classname="com.payment.orchestration.integration.PaymentIntegrationTest$NegativeTests" time="0.042">
    <system-out><![CDATA[2026-04-10 15:22:05 [main] DEBUG org.hibernate.SQL - select p1_0.id,p1_0.amount,p1_0.completed_at,p1_0.created_at,p1_0.currency,p1_0.customer_email,p1_0.customer_phone,p1_0.description,p1_0.error_code,p1_0.error_message,p1_0.idempotency_key,p1_0.masked_card_number,p1_0.max_retries,p1_0.metadata,p1_0.payment_id,p1_0.payment_method,p1_0.provider,p1_0.provider_reference,p1_0.provider_response_code,p1_0.provider_response_message,p1_0.retry_count,p1_0.status,p1_0.updated_at,p1_0.upi_id from payments p1_0
2026-04-10 15:22:05 [main] DEBUG org.hibernate.SQL - select p1_0.id,p1_0.amount,p1_0.completed_at,p1_0.created_at,p1_0.currency,p1_0.customer_email,p1_0.customer_phone,p1_0.description,p1_0.error_code,p1_0.error_message,p1_0.idempotency_key,p1_0.masked_card_number,p1_0.max_retries,p1_0.metadata,p1_0.payment_id,p1_0.payment_method,p1_0.provider,p1_0.provider_reference,p1_0.provider_response_code,p1_0.provider_response_message,p1_0.retry_count,p1_0.status,p1_0.updated_at,p1_0.upi_id from payments p1_0 where p1_0.payment_id=?
2026-04-10 15:22:05 [main] ERROR c.p.o.e.GlobalExceptionHandler - Payment exception: PAY_002 - Payment not found: PAY_INVALID_12345
]]></system-out>
  </testcase>
  <testcase name="missingUpiIdShouldReturn400" classname="com.payment.orchestration.integration.PaymentIntegrationTest$NegativeTests" time="0.028">
    <system-out><![CDATA[2026-04-10 15:22:05 [main] DEBUG org.hibernate.SQL - select p1_0.id,p1_0.amount,p1_0.completed_at,p1_0.created_at,p1_0.currency,p1_0.customer_email,p1_0.customer_phone,p1_0.description,p1_0.error_code,p1_0.error_message,p1_0.idempotency_key,p1_0.masked_card_number,p1_0.max_retries,p1_0.metadata,p1_0.payment_id,p1_0.payment_method,p1_0.provider,p1_0.provider_reference,p1_0.provider_response_code,p1_0.provider_response_message,p1_0.retry_count,p1_0.status,p1_0.updated_at,p1_0.upi_id from payments p1_0
2026-04-10 15:22:05 [main] INFO  c.p.o.controller.PaymentController - Received payment request with idempotency key: a7b317b2-2ed7-4ca3-9050-12e89b9c7db2
2026-04-10 15:22:05 [main] ERROR c.p.o.e.GlobalExceptionHandler - Payment exception: PAY_001 - UPI ID is required for UPI payments
]]></system-out>
  </testcase>
  <testcase name="negativeAmountShouldReturn400" classname="com.payment.orchestration.integration.PaymentIntegrationTest$NegativeTests" time="0.025">
    <system-out><![CDATA[2026-04-10 15:22:05 [main] DEBUG org.hibernate.SQL - select p1_0.id,p1_0.amount,p1_0.completed_at,p1_0.created_at,p1_0.currency,p1_0.customer_email,p1_0.customer_phone,p1_0.description,p1_0.error_code,p1_0.error_message,p1_0.idempotency_key,p1_0.masked_card_number,p1_0.max_retries,p1_0.metadata,p1_0.payment_id,p1_0.payment_method,p1_0.provider,p1_0.provider_reference,p1_0.provider_response_code,p1_0.provider_response_message,p1_0.retry_count,p1_0.status,p1_0.updated_at,p1_0.upi_id from payments p1_0
2026-04-10 15:22:05 [main] WARN  c.p.o.e.GlobalExceptionHandler - Validation exception: Validation failed for argument [1] in public org.springframework.http.ResponseEntity<com.payment.orchestration.dto.PaymentResponse> com.payment.orchestration.controller.PaymentController.createPayment(java.lang.String,com.payment.orchestration.dto.PaymentRequest): [Field error in object 'paymentRequest' on field 'amount': rejected value [-100.00]; codes [DecimalMin.paymentRequest.amount,DecimalMin.amount,DecimalMin.java.math.BigDecimal,DecimalMin]; arguments [org.springframework.context.support.DefaultMessageSourceResolvable: codes [paymentRequest.amount,amount]; arguments []; default message [amount],true,0.01]; default message [Amount must be greater than 0]] 
]]></system-out>
  </testcase>
  <testcase name="missingCardDetailsShouldReturn400" classname="com.payment.orchestration.integration.PaymentIntegrationTest$NegativeTests" time="0.021">
    <system-out><![CDATA[2026-04-10 15:22:05 [main] DEBUG org.hibernate.SQL - select p1_0.id,p1_0.amount,p1_0.completed_at,p1_0.created_at,p1_0.currency,p1_0.customer_email,p1_0.customer_phone,p1_0.description,p1_0.error_code,p1_0.error_message,p1_0.idempotency_key,p1_0.masked_card_number,p1_0.max_retries,p1_0.metadata,p1_0.payment_id,p1_0.payment_method,p1_0.provider,p1_0.provider_reference,p1_0.provider_response_code,p1_0.provider_response_message,p1_0.retry_count,p1_0.status,p1_0.updated_at,p1_0.upi_id from payments p1_0
2026-04-10 15:22:05 [main] INFO  c.p.o.controller.PaymentController - Received payment request with idempotency key: 0fc168fb-748a-4897-8e6a-42d7b7a55764
2026-04-10 15:22:05 [main] ERROR c.p.o.e.GlobalExceptionHandler - Payment exception: PAY_001 - Card number is required for CARD payments
]]></system-out>
  </testcase>
  <testcase name="invalidEmailFormatShouldReturn400" classname="com.payment.orchestration.integration.PaymentIntegrationTest$NegativeTests" time="0.036">
    <system-out><![CDATA[2026-04-10 15:22:05 [main] DEBUG org.hibernate.SQL - select p1_0.id,p1_0.amount,p1_0.completed_at,p1_0.created_at,p1_0.currency,p1_0.customer_email,p1_0.customer_phone,p1_0.description,p1_0.error_code,p1_0.error_message,p1_0.idempotency_key,p1_0.masked_card_number,p1_0.max_retries,p1_0.metadata,p1_0.payment_id,p1_0.payment_method,p1_0.provider,p1_0.provider_reference,p1_0.provider_response_code,p1_0.provider_response_message,p1_0.retry_count,p1_0.status,p1_0.updated_at,p1_0.upi_id from payments p1_0
2026-04-10 15:22:05 [main] WARN  c.p.o.e.GlobalExceptionHandler - Validation exception: Validation failed for argument [1] in public org.springframework.http.ResponseEntity<com.payment.orchestration.dto.PaymentResponse> com.payment.orchestration.controller.PaymentController.createPayment(java.lang.String,com.payment.orchestration.dto.PaymentRequest): [Field error in object 'paymentRequest' on field 'customerEmail': rejected value [invalid-email]; codes [Email.paymentRequest.customerEmail,Email.customerEmail,Email.java.lang.String,Email]; arguments [org.springframework.context.support.DefaultMessageSourceResolvable: codes [paymentRequest.customerEmail,customerEmail]; arguments []; default message [customerEmail],[Ljakarta.validation.constraints.Pattern$Flag;@6ce0508,.*]; default message [Invalid email format]] 
]]></system-out>
  </testcase>
  <testcase name="missingIdempotencyKeyShouldReturn400" classname="com.payment.orchestration.integration.PaymentIntegrationTest$NegativeTests" time="0.024">
    <system-out><![CDATA[2026-04-10 15:22:05 [main] DEBUG org.hibernate.SQL - select p1_0.id,p1_0.amount,p1_0.completed_at,p1_0.created_at,p1_0.currency,p1_0.customer_email,p1_0.customer_phone,p1_0.description,p1_0.error_code,p1_0.error_message,p1_0.idempotency_key,p1_0.masked_card_number,p1_0.max_retries,p1_0.metadata,p1_0.payment_id,p1_0.payment_method,p1_0.provider,p1_0.provider_reference,p1_0.provider_response_code,p1_0.provider_response_message,p1_0.retry_count,p1_0.status,p1_0.updated_at,p1_0.upi_id from payments p1_0
2026-04-10 15:22:05 [main] WARN  c.p.o.e.GlobalExceptionHandler - Missing required header: Idempotency-Key
]]></system-out>
  </testcase>
</testsuite>