<?xml version="1.0" encoding="UTF-8"?>
<testsuite xmlns:xsi="http://www.w3.org/2001/XMLSchema-instance" xsi:noNamespaceSchemaLocation="https://maven.apache.org/surefire/maven-surefire-plugin/xsd/surefire-test-report-3.0.xsd" version="3.0" name="com.payment.orchestration.provider.ProviderATest$ProcessPaymentTests" time="0.523" tests="2" errors="0" skipped="0" failures="0">
  <properties>
[...]
</properties>
  <testcase name="shouldProcessPaymentAndReturnResponse" classname="com.payment.orchestration.provider.ProviderATest$ProcessPaymentTests" time="0.105">
    <system-out><![CDATA[2026-04-10 15:22:08 [main] INFO  c.p.orchestration.provider.ProviderA - Provider A processing payment: PAY_TEST_123 for amount: 1000.00 INR
2026-04-10 15:22:08 [main] INFO  c.p.orchestration.provider.ProviderA - Provider A: Payment successful - Reference: PROV_A_A0C46D0835C4, Processing time: 104ms
]]></system-out>
  </testcase>
  <testcase name="shouldReturnUnavailableWhenDisabled" classname="com.payment.orchestration.provider.ProviderATest$ProcessPaymentTests" time="0.416">
    <system-out><![CDATA[2026-04-10 15:22:08 [main] INFO  c.p.orchestration.provider.ProviderA - Provider A processing payment: PAY_TEST_123 for amount: 1000.00 INR
]]></system-out>
  </testcase>
</testsuite>